*** Using Compiler 'V5.06 update 5 (build 528)', folder: 'D:\Program\Keil_v5\ARM\ARMCC\Bin'
Build target 'UART_Init'
assembling startup_stm32f103xb.s...
compiling stm32f1xx_hal_msp.c...
compiling main.c...
compiling stm32f1xx_hal_tim.c...
compiling stm32f1xx_hal_tim_ex.c...
compiling stm32f1xx_it.c...
compiling stm32f1xx_hal_gpio_ex.c...
compiling stm32f1xx_hal.c...
compiling stm32f1xx_hal_dma.c...
compiling stm32f1xx_hal_rcc.c...
compiling stm32f1xx_hal_gpio.c...
compiling stm32f1xx_hal_flash.c...
compiling stm32f1xx_hal_cortex.c...
compiling stm32f1xx_hal_rcc_ex.c...
compiling stm32f1xx_hal_pwr.c...
compiling system_stm32f1xx.c...
compiling stm32f1xx_hal_flash_ex.c...
compiling stm32f1xx_hal_exti.c...
linking...
Program Size: Code=2556 RO-data=284 RW-data=16 ZI-data=1632  
FromELF: creating hex file...
"UART_Init\UART_Init.axf" - 0 Error(s), 0 Warning(s).
Build Time Elapsed:  00:00:10
